# JRE version: Java(TM) SE Runtime Environment (8.0_131-b11) (build 1.8.0_131-b11)
# Java VM: Java HotSpot(TM) 64-Bit Server VM (25.131-b11 mixed mode linux-amd64 compressed oops)
Heap:
 PSYoungGen      total 70656K, used 7136K [0x00000000ebc00000, 0x00000000f0800000, 0x0000000100000000)
  eden space 63488K, 0% used [0x00000000ebc00000,0x00000000ebc00000,0x00000000efa00000)
  from space 7168K, 99% used [0x00000000efa00000,0x00000000f00f8020,0x00000000f0100000)
  to   space 7168K, 0% used [0x00000000f0100000,0x00000000f0100000,0x00000000f0800000)
 ParOldGen       total 42496K, used 11070K [0x00000000c3400000, 0x00000000c5d80000, 0x00000000ebc00000)
  object space 42496K, 26% used [0x00000000c3400000,0x00000000c3ecfa88,0x00000000c5d80000)
 Metaspace       used 16240K, capacity 16624K, committed 16896K, reserved 1064960K
  class space    used 1931K, capacity 2024K, committed 2048K, reserved 1048576K
GC Heap History (10 events):
Event: 0,727 GC heap after
Heap after GC invocations=2 (full 0):
 PSYoungGen      total 18432K, used 2539K [0x00000000ebc00000, 0x00000000ee000000, 0x0000000100000000)
  eden space 15872K, 0% used [0x00000000ebc00000,0x00000000ebc00000,0x00000000ecb80000)
  from space 2560K, 99% used [0x00000000ece00000,0x00000000ed07ad38,0x00000000ed080000)
  to   space 2560K, 0% used [0x00000000ecb80000,0x00000000ecb80000,0x00000000ece00000)
 ParOldGen       total 42496K, used 1187K [0x00000000c3400000, 0x00000000c5d80000, 0x00000000ebc00000)
  object space 42496K, 2% used [0x00000000c3400000,0x00000000c3528cf0,0x00000000c5d80000)
 Metaspace       used 8048K, capacity 8156K, committed 8320K, reserved 1056768K
  class space    used 1004K, capacity 1080K, committed 1152K, reserved 1048576K
}
Event: 0,913 GC heap before
{Heap before GC invocations=3 (full 0):
 PSYoungGen      total 18432K, used 18411K [0x00000000ebc00000, 0x00000000ee000000, 0x0000000100000000)
  eden space 15872K, 100% used [0x00000000ebc00000,0x00000000ecb80000,0x00000000ecb80000)
  from space 2560K, 99% used [0x00000000ece00000,0x00000000ed07ad38,0x00000000ed080000)
  to   space 2560K, 0% used [0x00000000ecb80000,0x00000000ecb80000,0x00000000ece00000)
 ParOldGen       total 42496K, used 1187K [0x00000000c3400000, 0x00000000c5d80000, 0x00000000ebc00000)
  object space 42496K, 2% used [0x00000000c3400000,0x00000000c3528cf0,0x00000000c5d80000)
 Metaspace       used 10307K, capacity 10456K, committed 10624K, reserved 1058816K
  class space    used 1275K, capacity 1313K, committed 1408K, reserved 1048576K
Event: 0,916 GC heap after
Heap after GC invocations=3 (full 0):
 PSYoungGen      total 18432K, used 2545K [0x00000000ebc00000, 0x00000000ee000000, 0x0000000100000000)
  eden space 15872K, 0% used [0x00000000ebc00000,0x00000000ebc00000,0x00000000ecb80000)
  from space 2560K, 99% used [0x00000000ecb80000,0x00000000ecdfc7e0,0x00000000ece00000)
  to   space 2560K, 0% used [0x00000000edd80000,0x00000000edd80000,0x00000000ee000000)
 ParOldGen       total 42496K, used 3435K [0x00000000c3400000, 0x00000000c5d80000, 0x00000000ebc00000)
  object space 42496K, 8% used [0x00000000c3400000,0x00000000c375ad80,0x00000000c5d80000)
 Metaspace       used 10307K, capacity 10456K, committed 10624K, reserved 1058816K
  class space    used 1275K, capacity 1313K, committed 1408K, reserved 1048576K
}
Event: 1,150 GC heap before
{Heap before GC invocations=4 (full 0):
 PSYoungGen      total 18432K, used 18417K [0x00000000ebc00000, 0x00000000ee000000, 0x0000000100000000)
  eden space 15872K, 100% used [0x00000000ebc00000,0x00000000ecb80000,0x00000000ecb80000)
  from space 2560K, 99% used [0x00000000ecb80000,0x00000000ecdfc7e0,0x00000000ece00000)
  to   space 2560K, 0% used [0x00000000edd80000,0x00000000edd80000,0x00000000ee000000)
 ParOldGen       total 42496K, used 3435K [0x00000000c3400000, 0x00000000c5d80000, 0x00000000ebc00000)
  object space 42496K, 8% used [0x00000000c3400000,0x00000000c375ad80,0x00000000c5d80000)
 Metaspace       used 12286K, capacity 12494K, committed 12800K, reserved 1060864K
  class space    used 1573K, capacity 1669K, committed 1792K, reserved 1048576K
Event: 1,156 GC heap after
Heap after GC invocations=4 (full 0):
 PSYoungGen      total 34304K, used 2528K [0x00000000ebc00000, 0x00000000ee000000, 0x0000000100000000)
  eden space 31744K, 0% used [0x00000000ebc00000,0x00000000ebc00000,0x00000000edb00000)
  from space 2560K, 98% used [0x00000000edd80000,0x00000000edff8020,0x00000000ee000000)
  to   space 2560K, 0% used [0x00000000edb00000,0x00000000edb00000,0x00000000edd80000)
 ParOldGen       total 42496K, used 6002K [0x00000000c3400000, 0x00000000c5d80000, 0x00000000ebc00000)
  object space 42496K, 14% used [0x00000000c3400000,0x00000000c39dc9d8,0x00000000c5d80000)
 Metaspace       used 12286K, capacity 12494K, committed 12800K, reserved 1060864K
  class space    used 1573K, capacity 1669K, committed 1792K, reserved 1048576K
}
Event: 1,822 GC heap before
{Heap before GC invocations=5 (full 0):
 PSYoungGen      total 34304K, used 34272K [0x00000000ebc00000, 0x00000000ee000000, 0x0000000100000000)
  eden space 31744K, 100% used [0x00000000ebc00000,0x00000000edb00000,0x00000000edb00000)
  from space 2560K, 98% used [0x00000000edd80000,0x00000000edff8020,0x00000000ee000000)
  to   space 2560K, 0% used [0x00000000edb00000,0x00000000edb00000,0x00000000edd80000)
 ParOldGen       total 42496K, used 6002K [0x00000000c3400000, 0x00000000c5d80000, 0x00000000ebc00000)
  object space 42496K, 14% used [0x00000000c3400000,0x00000000c39dc9d8,0x00000000c5d80000)
 Metaspace       used 14922K, capacity 15170K, committed 15488K, reserved 1062912K
  class space    used 1829K, capacity 1907K, committed 1920K, reserved 1048576K
Event: 1,833 GC heap after
Heap after GC invocations=5 (full 0):
 PSYoungGen      total 34304K, used 2544K [0x00000000ebc00000, 0x00000000f0800000, 0x0000000100000000)
  eden space 31744K, 0% used [0x00000000ebc00000,0x00000000ebc00000,0x00000000edb00000)
  from space 2560K, 99% used [0x00000000edb00000,0x00000000edd7c030,0x00000000edd80000)
  to   space 7168K, 0% used [0x00000000f0100000,0x00000000f0100000,0x00000000f0800000)
 ParOldGen       total 42496K, used 9731K [0x00000000c3400000, 0x00000000c5d80000, 0x00000000ebc00000)
  object space 42496K, 22% used [0x00000000c3400000,0x00000000c3d80c18,0x00000000c5d80000)
 Metaspace       used 14922K, capacity 15170K, committed 15488K, reserved 1062912K
  class space    used 1829K, capacity 1907K, committed 1920K, reserved 1048576K
}
Event: 2,192 GC heap before
{Heap before GC invocations=6 (full 0):
 PSYoungGen      total 34304K, used 34288K [0x00000000ebc00000, 0x00000000f0800000, 0x0000000100000000)
  eden space 31744K, 100% used [0x00000000ebc00000,0x00000000edb00000,0x00000000edb00000)
  from space 2560K, 99% used [0x00000000edb00000,0x00000000edd7c030,0x00000000edd80000)
  to   space 7168K, 0% used [0x00000000f0100000,0x00000000f0100000,0x00000000f0800000)
 ParOldGen       total 42496K, used 9731K [0x00000000c3400000, 0x00000000c5d80000, 0x00000000ebc00000)
  object space 42496K, 22% used [0x00000000c3400000,0x00000000c3d80c18,0x00000000c5d80000)
 Metaspace       used 15234K, capacity 15438K, committed 15744K, reserved 1062912K
  class space    used 1833K, capacity 1909K, committed 1920K, reserved 1048576K
Event: 2,200 GC heap after
Heap after GC invocations=6 (full 0):
 PSYoungGen      total 70656K, used 4048K [0x00000000ebc00000, 0x00000000f0800000, 0x0000000100000000)
  eden space 63488K, 0% used [0x00000000ebc00000,0x00000000ebc00000,0x00000000efa00000)
  from space 7168K, 56% used [0x00000000f0100000,0x00000000f04f4030,0x00000000f0800000)
  to   space 7168K, 0% used [0x00000000efa00000,0x00000000efa00000,0x00000000f0100000)
 ParOldGen       total 42496K, used 9739K [0x00000000c3400000, 0x00000000c5d80000, 0x00000000ebc00000)
  object space 42496K, 22% used [0x00000000c3400000,0x00000000c3d82c18,0x00000000c5d80000)
 Metaspace       used 15234K, capacity 15438K, committed 15744K, reserved 1062912K
  class space    used 1833K, capacity 1909K, committed 1920K, reserved 1048576K
}
Event: 2,936 GC heap before
{Heap before GC invocations=7 (full 0):
 PSYoungGen      total 70656K, used 67536K [0x00000000ebc00000, 0x00000000f0800000, 0x0000000100000000)
  eden space 63488K, 100% used [0x00000000ebc00000,0x00000000efa00000,0x00000000efa00000)
  from space 7168K, 56% used [0x00000000f0100000,0x00000000f04f4030,0x00000000f0800000)
  to   space 7168K, 0% used [0x00000000efa00000,0x00000000efa00000,0x00000000f0100000)
 ParOldGen       total 42496K, used 9739K [0x00000000c3400000, 0x00000000c5d80000, 0x00000000ebc00000)
  object space 42496K, 22% used [0x00000000c3400000,0x00000000c3d82c18,0x00000000c5d80000)
 Metaspace       used 16240K, capacity 16624K, committed 16896K, reserved 1064960K
  class space    used 1931K, capacity 2024K, committed 2048K, reserved 1048576K

